[+] Running PHP 7.0.30-0+deb9u1 (cgi-fcgi) on ???

[+] Let's check some functions first:
[+] Is 'chmod' available? T
[+] Is 'chown' available? T
[+] Is 'chgrp' available? T
[+] Is 'eval' available? F
[+] Is 'assert' available? T
[+] Is 'exec' available? F
[+] Is 'putenv' available? F
[+] Is 'passthru' available? F
[+] Is 'system' available? F
[+] Is 'shell_exec' available? F
[+] Is 'popen' available? F
[+] Is 'proc_open' available? F
[+] Is 'pcntl_exec' available? F
[+] Is 'fstat' available? T

[+] Script permissions: 0664

[+] Open basedir: '/home/www/stuchl4n3k.net/www/stuchl4n3k.net:/home/www/tmp'

[+] Open basedir permissions:
[+] '/home/www/stuchl4n3k.net/www/stuchl4n3k.net'	1618	0750
[+] '/home/www/stuchl4n3k.net/www/stuchl4n3k.net/hostinfo.php'	1618	0664
[+] '/home/www/tmp'	0	1777
[+] '/home/www/tmp/.htaccess'	1284	0444
[+] '/home/www/tmp/1532594510.1526912484.simple-landing-page-CXIz0g.tmp'	1110	0644
[+] '/home/www/tmp/1532594510.1526912484.simple-landing-page-LJBKu6.tmp'	1578	0644
[+] '/home/www/tmp/1532594510.1526912484.simple-landing-page-bZQSNc.tmp'	1578	0644
[+] '/home/www/tmp/1532594731.1526912606.simple-blog-article-57y75s.tmp'	1578	0644
[+] '/home/www/tmp/1532594731.1526912606.simple-blog-article-cS3TdA.tmp'	1110	0644
[+] '/home/www/tmp/1532594731.1526912606.simple-blog-article-mwzsnm.tmp'	1578	0644
[+] '/home/www/tmp/1532594775.1526912726.photography-portfolio-43Ahyq.tmp'	1578	0644
[+] '/home/www/tmp/1532594775.1526912726.photography-portfolio-MlJkLm.tmp'	1110	0644
[+] '/home/www/tmp/1532594775.1526912726.photography-portfolio-xbXgmP.tmp'	1578	0644
[+] '/home/www/tmp/1532594816.1526912804.startup-page-1owT6p.tmp'	1578	0644
[+] '/home/www/tmp/1532594816.1526912804.startup-page-EbCzYX.tmp'	1578	0644
[+] '/home/www/tmp/1532594816.1526912804.startup-page-IW9Ert.tmp'	1110	0644
[+] '/home/www/tmp/1532594894.1526912872.single-product-page-PnFcjo.tmp'	1110	0644
[+] '/home/www/tmp/1532594894.1526912872.single-product-page-UH52ZK.tmp'	1578	0644
[+] '/home/www/tmp/1532594894.1526912872.single-product-page-zlKdn7.tmp'	1578	0644
[+] '/home/www/tmp/1532594932.1526912927.medium-style-article-4u8FGH.tmp'	1110	0644
[+] '/home/www/tmp/1532594932.1526912927.medium-style-article-NPgHtR.tmp'	1578	0644
[+] '/home/www/tmp/1532594932.1526912927.medium-style-article-TTBLYV.tmp'	1578	0644
[+] '/home/www/tmp/1532594971.1526912985.personal-page-68AbbK.tmp'	1578	0644
[+] '/home/www/tmp/1532594971.1526912985.personal-page-JLb3cV.tmp'	1110	0644
[+] '/home/www/tmp/1532594971.1526912985.personal-page-mRh4Jt.tmp'	1578	0644
[+] '/home/www/tmp/1532595011.1526913030.wedding-page-2tpf2s.tmp'	1578	0644
[+] '/home/www/tmp/1532595011.1526913030.wedding-page-ptXAdD.tmp'	1110	0644
[+] '/home/www/tmp/1532595011.1526913030.wedding-page-xHZaM9.tmp'	1578	0644
[+] '/home/www/tmp/1532595050.1526913074.product-category-page-1IftCx.tmp'	1110	0644
[+] '/home/www/tmp/1532595050.1526913074.product-category-page-LOh5mk.tmp'	1578	0644
[+] '/home/www/tmp/1532595050.1526913074.product-category-page-mCaRFW.tmp'	1578	0644
[+] '/home/www/tmp/IMG_3594-jxPdaT.tmp'	1296	0644
[+] '/home/www/tmp/adminer.invalid'	1035	0660
[+] '/home/www/tmp/adminer.key'	1243	0660
[+] '/home/www/tmp/adminer.version'	1213	0660
[+] '/home/www/tmp/assets-2.48-1533727376-5b6ad290436b69.47064096.bundle-tx6jGx.tmp'	1110	0644
[+] '/home/www/tmp/assets-2.52-1539852421-5bc84885f30f15.84930454.bundle-B3Q88O.tmp'	1578	0644
[+] '/home/www/tmp/assets-2.52-1539852421-5bc84885f30f15.84930454.bundle-Q0KzQG.tmp'	1578	0644
[+] '/home/www/tmp/categories-2.206-1533797649-5b6be511c12a14.49055363.bundle-73GkgK.tmp'	1110	0644
[+] '/home/www/tmp/categories-2.241-1539870031-5bc88d4f244de8.05657335.bundle-MpLpGK.tmp'	1578	0644
[+] '/home/www/tmp/categories-2.241-1539870031-5bc88d4f244de8.05657335.bundle-rbDvXD.tmp'	1578	0644
[+] '/home/www/tmp/editors-editors-2.65-1534241057-5b72a921d70207.89971763.bundle-AGO7As.tmp'	1110	0644
[+] '/home/www/tmp/editors-fonts-2.7-1521721212-5ab39f7c554476.20229022.bundle-5f7KXe.tmp'	1110	0644
[+] '/home/www/tmp/editors-images-0.18-1520001746-5a9962d2111b48.40261493.bundle-8sWaAd.tmp'	1110	0644
[+] '/home/www/tmp/element-basicButton-0.11-1530097819-5b33709b83fa84.76148793.bundle-xs2Nmm.tmp'	1110	0644
[+] '/home/www/tmp/element-basicButton-0.12-1539179546-5bbe041a845394.07732613.bundle-HX96PO.tmp'	1578	0644
[+] '/home/www/tmp/element-basicButton-0.12-1539179546-5bbe041a845394.07732613.bundle-SJEhce.tmp'	1578	0644
[+] '/home/www/tmp/element-column-0.20-1532523877-5b587565720fd6.45983564.bundle-uXjoxr.tmp'	1110	0644
[+] '/home/www/tmp/element-column-0.22-1539179875-5bbe05637ffc08.51617262.bundle-FPRKzZ.tmp'	1578	0644
[+] '/home/www/tmp/element-column-0.22-1539179875-5bbe05637ffc08.51617262.bundle-GP1NjT.tmp'	1578	0644
[+] '/home/www/tmp/element-facebookLike-0.6-1518002776-5a7ae25890b294.78462797.bundle-82sdkI.tmp'	1110	0644
[+] '/home/www/tmp/element-facebookLike-0.6-1518002776-5a7ae25890b294.78462797.bundle-VGQ2iM.tmp'	1578	0644
[+] '/home/www/tmp/element-facebookLike-0.6-1518002776-5a7ae25890b294.78462797.bundle-X9bI7Y.tmp'	1578	0644
[+] '/home/www/tmp/element-faqToggle-0.16-1531746698-5b4c998a5c0072.03698893.bundle-G0Hmcw.tmp'	1578	0644
[+] '/home/www/tmp/element-faqToggle-0.16-1531746698-5b4c998a5c0072.03698893.bundle-l6NlCE.tmp'	1110	0644
[+] '/home/www/tmp/element-faqToggle-0.16-1531746698-5b4c998a5c0072.03698893.bundle-lIbuuv.tmp'	1578	0644
[+] '/home/www/tmp/element-feature-0.6-1515061121-5a4dff81671955.57803555.bundle-jEocfN.tmp'	1110	0644
[+] '/home/www/tmp/element-feature-0.7-1539179271-5bbe0307b45910.41631440.bundle-AIdmIQ.tmp'	1578	0644
[+] '/home/www/tmp/element-feature-0.7-1539179271-5bbe0307b45910.41631440.bundle-YBKTUF.tmp'	1578	0644
[+] '/home/www/tmp/element-featureDescription-0.11-1515067737-5a4e1959a7ee33.01233719.bundle-CeSWe8.tmp'	1578	0644
[+] '/home/www/tmp/element-featureDescription-0.11-1515067737-5a4e1959a7ee33.01233719.bundle-coTuaO.tmp'	1578	0644
[+] '/home/www/tmp/element-featureDescription-0.11-1515067737-5a4e1959a7ee33.01233719.bundle-xlzJv5.tmp'	1110	0644
[+] '/home/www/tmp/element-featureSection-0.6-1515058815-5a4df67f4c1a78.85577775.bundle-1yWmxN.tmp'	1110	0644
[+] '/home/www/tmp/element-featureSection-0.7-1539179234-5bbe02e225d4b9.22322414.bundle-26d1PU.tmp'	1578	0644
[+] '/home/www/tmp/element-featureSection-0.7-1539179234-5bbe02e225d4b9.22322414.bundle-Au4rI9.tmp'	1578	0644
[+] '/home/www/tmp/element-flickrImage-0.5-1515062262-5a4e03f6101820.09219802.bundle-OGfiNm.tmp'	1110	0644
[+] '/home/www/tmp/element-flickrImage-0.6-1539179912-5bbe05884ace27.99087684.bundle-Qvt1JC.tmp'	1578	0644
[+] '/home/www/tmp/element-flickrImage-0.6-1539179912-5bbe05884ace27.99087684.bundle-i41U69.tmp'	1578	0644
[+] '/home/www/tmp/element-googleFontsHeading-0.11-1519913207-5a9808f7162fe3.76885253.bundle-g53VXd.tmp'	1110	0644
[+] '/home/www/tmp/element-googleFontsHeading-0.13-1539179115-5bbe026b470149.77801616.bundle-6f95MV.tmp'	1578	0644
[+] '/home/www/tmp/element-googleFontsHeading-0.13-1539179115-5bbe026b470149.77801616.bundle-Oh3UpA.tmp'	1578	0644
[+] '/home/www/tmp/element-googleMaps-0.6-1515063979-5a4e0aab3d0b21.38301512.bundle-YnPwwI.tmp'	1110	0644
[+] '/home/www/tmp/element-googleMaps-0.7-1539178558-5bbe003e914289.59155171.bundle-0FU320.tmp'	1578	0644
[+] '/home/www/tmp/element-googleMaps-0.7-1539178558-5bbe003e914289.59155171.bundle-4x5Ylx.tmp'	1578	0644
[+] '/home/www/tmp/element-googlePlusButton-0.6-1515057654-5a4df1f6b39685.01003234.bundle-ehNKuF.tmp'	1110	0644
[+] '/home/www/tmp/element-googlePlusButton-0.7-1539179193-5bbe02b97fcbd3.21271160.bundle-2JoSkm.tmp'	1578	0644
[+] '/home/www/tmp/element-googlePlusButton-0.7-1539179193-5bbe02b97fcbd3.21271160.bundle-aNFIgw.tmp'	1578	0644
[+] '/home/www/tmp/element-heroSection-0.8-1515068026-5a4e1a7a795c68.42433364.bundle-7kyBCI.tmp'	1110	0644
[+] '/home/www/tmp/element-heroSection-0.9-1539178598-5bbe00661d6a86.72719704.bundle-ZlxTaD.tmp'	1578	0644
[+] '/home/www/tmp/element-heroSection-0.9-1539178598-5bbe00661d6a86.72719704.bundle-yufduJ.tmp'	1578	0644
[+] '/home/www/tmp/element-icon-0.11-1530111510-5b33a616e04786.54501079.bundle-mxRpwk.tmp'	1110	0644
[+] '/home/www/tmp/element-icon-0.12-1539178637-5bbe008dda3e60.11684467.bundle-lj9hIZ.tmp'	1578	0644
[+] '/home/www/tmp/element-icon-0.12-1539178637-5bbe008dda3e60.11684467.bundle-zdvOSH.tmp'	1578	0644
[+] '/home/www/tmp/element-imageGallery-0.12-1531829193-5b4ddbc96306c6.42645164.bundle-FF3ucM.tmp'	1110	0644
[+] '/home/www/tmp/element-imageGallery-0.13-1539179623-5bbe0467d56950.08383617.bundle-7Abjoy.tmp'	1578	0644
[+] '/home/www/tmp/element-imageGallery-0.13-1539179623-5bbe0467d56950.08383617.bundle-TT4tCn.tmp'	1578	0644
[+] '/home/www/tmp/element-imageMasonryGallery-0.12-1531393880-5b473758f32a19.77572766.bundle-xNDXjm.tmp'	1110	0644
[+] '/home/www/tmp/element-imageMasonryGallery-0.13-1539179154-5bbe02921ce884.70470708.bundle-7ulNQo.tmp'	1578	0644
[+] '/home/www/tmp/element-imageMasonryGallery-0.13-1539179154-5bbe02921ce884.70470708.bundle-pNwQiD.tmp'	1578	0644
[+] '/home/www/tmp/element-instagramImage-2.3-1515059686-5a4df9e6d056c5.35567499.bundle-82OXFY.tmp'	1110	0644
[+] '/home/www/tmp/element-instagramImage-2.4-1539179387-5bbe037b8fc069.20585520.bundle-IFKOs8.tmp'	1578	0644
[+] '/home/www/tmp/element-instagramImage-2.4-1539179387-5bbe037b8fc069.20585520.bundle-vamqP7.tmp'	1578	0644
[+] '/home/www/tmp/element-outlineButton-0.10-1539179075-5bbe0243ae75d2.72471294.bundle-6WmcBU.tmp'	1578	0644
[+] '/home/www/tmp/element-outlineButton-0.10-1539179075-5bbe0243ae75d2.72471294.bundle-dmCA0C.tmp'	1578	0644
[+] '/home/www/tmp/element-outlineButton-0.9-1530112837-5b33ab454d61e9.61179843.bundle-0rYzJG.tmp'	1110	0644
[+] '/home/www/tmp/element-pinterestPinit-0.5-1515060837-5a4dfe65e0e3c9.87976547.bundle-UNycw9.tmp'	1110	0644
[+] '/home/www/tmp/element-pinterestPinit-0.6-1539178748-5bbe00fc964464.30958313.bundle-nQqeDa.tmp'	1578	0644
[+] '/home/www/tmp/element-pinterestPinit-0.6-1539178748-5bbe00fc964464.30958313.bundle-yB63e7.tmp'	1578	0644
[+] '/home/www/tmp/element-rawHtml-0.6-1515068597-5a4e1cb5a2ffc3.23306913.bundle-3lwuI9.tmp'	1110	0644
[+] '/home/www/tmp/element-rawHtml-0.8-1539179311-5bbe032f15c2e3.23491505.bundle-NtNC1f.tmp'	1578	0644
[+] '/home/www/tmp/element-rawHtml-0.8-1539179311-5bbe032f15c2e3.23491505.bundle-jMJiRU.tmp'	1578	0644
[+] '/home/www/tmp/element-rawJs-0.7-1515062835-5a4e063384be10.19756178.bundle-E1UyZx.tmp'	1110	0644
[+] '/home/www/tmp/element-rawJs-0.9-1539256702-5bbf317e36c292.19204703.bundle-HgZxO2.tmp'	1578	0644
[+] '/home/www/tmp/element-rawJs-0.9-1539256702-5bbf317e36c292.19204703.bundle-ZYyGrQ.tmp'	1578	0644
[+] '/home/www/tmp/element-row-0.25-1532524023-5b5875f7e068f5.98206505.bundle-pUMA9j.tmp'	1110	0644
[+] '/home/www/tmp/element-row-0.27-1539179835-5bbe053b0d81d8.77040318.bundle-2pzsZ6.tmp'	1578	0644
[+] '/home/www/tmp/element-row-0.27-1539179835-5bbe053b0d81d8.77040318.bundle-PmJzPg.tmp'	1578	0644
[+] '/home/www/tmp/element-separator-0.8-1515079084-5a4e45ac098403.45357558.bundle-7lSwhg.tmp'	1110	0644
[+] '/home/www/tmp/element-separator-0.8-1515079084-5a4e45ac098403.45357558.bundle-d5Gcat.tmp'	1578	0644
[+] '/home/www/tmp/element-separator-0.8-1515079084-5a4e45ac098403.45357558.bundle-pOtviC.tmp'	1578	0644
[+] '/home/www/tmp/element-separatorIcon-0.11-1515072655-5a4e2c8fde28c3.84724461.bundle-9zusPz.tmp'	1110	0644
[+] '/home/www/tmp/element-separatorIcon-0.12-1539179466-5bbe03ca1b0202.50364779.bundle-93Ph4o.tmp'	1578	0644
[+] '/home/www/tmp/element-separatorIcon-0.12-1539179466-5bbe03ca1b0202.50364779.bundle-ABZvQz.tmp'	1578	0644
[+] '/home/www/tmp/element-separatorTitle-0.10-1515077010-5a4e3d92bbf003.03217723.bundle-FCwjfT.tmp'	1110	0644
[+] '/home/www/tmp/element-separatorTitle-0.11-1539178456-5bbdffd8e4e838.92503763.bundle-Qv9U9S.tmp'	1578	0644
[+] '/home/www/tmp/element-separatorTitle-0.11-1539178456-5bbdffd8e4e838.92503763.bundle-XfossQ.tmp'	1578	0644
[+] '/home/www/tmp/element-shortcode-0.7-1530107037-5b33949d2c6bd6.53285935.bundle-qLlzgZ.tmp'	1110	0644
[+] '/home/www/tmp/element-shortcode-0.9-1539179585-5bbe044171b017.75208252.bundle-AplIZc.tmp'	1578	0644
[+] '/home/www/tmp/element-shortcode-0.9-1539179585-5bbe044171b017.75208252.bundle-eVeIWp.tmp'	1578	0644
[+] '/home/www/tmp/element-simpleImageSlider-0.25-1531744973-5b4c92cdc46ae6.02697617.bundle-M8qbC1.tmp'	1578	0644
[+] '/home/www/tmp/element-simpleImageSlider-0.25-1531744973-5b4c92cdc46ae6.02697617.bundle-Sot8iz.tmp'	1578	0644
[+] '/home/www/tmp/element-simpleImageSlider-0.25-1531744973-5b4c92cdc46ae6.02697617.bundle-uyLhEh.tmp'	1110	0644
[+] '/home/www/tmp/element-singleImage-0.31-1531829653-5b4ddd95a21582.24841130.bundle-fsBezB.tmp'	1110	0644
[+] '/home/www/tmp/element-singleImage-0.34-1539676648-5bc599e8a54e19.79538036.bundle-mfCBHi.tmp'	1578	0644
[+] '/home/www/tmp/element-singleImage-0.34-1539676648-5bc599e8a54e19.79538036.bundle-s5Ntkd.tmp'	1578	0644
[+] '/home/www/tmp/element-textBlock-0.5-1515075550-5a4e37de6e9428.23885032.bundle-LPcPw8.tmp'	1110	0644
[+] '/home/www/tmp/element-textBlock-0.7-1539179795-5bbe05139e8343.68945946.bundle-2ifd6w.tmp'	1578	0644
[+] '/home/www/tmp/element-textBlock-0.7-1539179795-5bbe05139e8343.68945946.bundle-jNesez.tmp'	1578	0644
[+] '/home/www/tmp/element-twitterButton-0.5-1515070039-5a4e2257c68d62.68466529.bundle-myb7tC.tmp'	1110	0644
[+] '/home/www/tmp/element-twitterButton-0.6-1539179663-5bbe048f46a272.46052282.bundle-R1Rp6y.tmp'	1578	0644
[+] '/home/www/tmp/element-twitterButton-0.6-1539179663-5bbe048f46a272.46052282.bundle-eDdupK.tmp'	1578	0644
[+] '/home/www/tmp/element-twitterGrid-0.5-1515080682-5a4e4beaa67982.12344187.bundle-dNEZPl.tmp'	1110	0644
[+] '/home/www/tmp/element-twitterGrid-0.6-1539178709-5bbe00d5529b30.15635298.bundle-3twus9.tmp'	1578	0644
[+] '/home/www/tmp/element-twitterGrid-0.6-1539178709-5bbe00d5529b30.15635298.bundle-PFiZCx.tmp'	1578	0644
[+] '/home/www/tmp/element-twitterTimeline-0.5-1515076133-5a4e3a253e6109.66769941.bundle-Msj4NS.tmp'	1110	0644
[+] '/home/www/tmp/element-twitterTimeline-0.5-1515076133-5a4e3a253e6109.66769941.bundle-P5ku7E.tmp'	1578	0644
[+] '/home/www/tmp/element-twitterTimeline-0.5-1515076133-5a4e3a253e6109.66769941.bundle-eZiXEc.tmp'	1578	0644
[+] '/home/www/tmp/element-twitterTweet-0.5-1515078488-5a4e4358e98f16.53684897.bundle-BJc5ik.tmp'	1578	0644
[+] '/home/www/tmp/element-twitterTweet-0.5-1515078488-5a4e4358e98f16.53684897.bundle-LsF3bL.tmp'	1110	0644
[+] '/home/www/tmp/element-twitterTweet-0.5-1515078488-5a4e4358e98f16.53684897.bundle-thA2vK.tmp'	1578	0644
[+] '/home/www/tmp/element-vimeoPlayer-0.5-1515073247-5a4e2edfb15652.55616282.bundle-k2uYrL.tmp'	1110	0644
[+] '/home/www/tmp/element-vimeoPlayer-0.6-1539178885-5bbe01856c14b0.02597865.bundle-TaZxSX.tmp'	1578	0644
[+] '/home/www/tmp/element-vimeoPlayer-0.6-1539178885-5bbe01856c14b0.02597865.bundle-qwJDgD.tmp'	1578	0644
[+] '/home/www/tmp/element-wpWidgetsCustom-0.8-1530107631-5b3396ef73db72.34652651.bundle-2XB7lm.tmp'	1578	0644
[+] '/home/www/tmp/element-wpWidgetsCustom-0.8-1530107631-5b3396ef73db72.34652651.bundle-dOvRZc.tmp'	1110	0644
[+] '/home/www/tmp/element-wpWidgetsCustom-0.8-1530107631-5b3396ef73db72.34652651.bundle-erYvG7.tmp'	1578	0644
[+] '/home/www/tmp/element-wpWidgetsDefault-0.7-1530110022-5b33a046e68d41.56493684.bundle-TxP497.tmp'	1578	0644
[+] '/home/www/tmp/element-wpWidgetsDefault-0.7-1530110022-5b33a046e68d41.56493684.bundle-gX572r.tmp'	1110	0644
[+] '/home/www/tmp/element-wpWidgetsDefault-0.7-1530110022-5b33a046e68d41.56493684.bundle-jDbcQS.tmp'	1578	0644
[+] '/home/www/tmp/element-youtubePlayer-0.5-1515072071-5a4e2a47036499.95726712.bundle-13sg1P.tmp'	1578	0644
[+] '/home/www/tmp/element-youtubePlayer-0.5-1515072071-5a4e2a47036499.95726712.bundle-soW2TU.tmp'	1110	0644
[+] '/home/www/tmp/element-youtubePlayer-0.5-1515072071-5a4e2a47036499.95726712.bundle-xHkAEb.tmp'	1578	0644
[+] '/home/www/tmp/log.htm'	1298	0644
[+] '/home/www/tmp/php0HwVPn'	1293	0600
[+] '/home/www/tmp/php13mKf9'	1293	0600
[+] '/home/www/tmp/php1KKm3a'	1293	0600
[+] '/home/www/tmp/php4HXJQ2'	1293	0600
[+] '/home/www/tmp/php4XnuHF'	1293	0600
[+] '/home/www/tmp/php5iwU3v'	1034	0600
[+] '/home/www/tmp/php64rE6I'	1034	0600
[+] '/home/www/tmp/php6HtFUR'	1293	0600
[+] '/home/www/tmp/php6kGOHZ'	1293	0600
[+] '/home/www/tmp/php6lGnek'	1034	0600
[+] '/home/www/tmp/php8hn2HE'	1293	0600
[+] '/home/www/tmp/php9CDB0g'	1293	0600
[+] '/home/www/tmp/php9TIdu7'	1293	0600
[+] '/home/www/tmp/phpAhAjak'	1293	0600
[+] '/home/www/tmp/phpAta1vV'	1293	0600
[+] '/home/www/tmp/phpBNxwF4'	1034	0600
[+] '/home/www/tmp/phpBWv1K7'	1293	0600
[+] '/home/www/tmp/phpBitzEh'	1293	0600
[+] '/home/www/tmp/phpCT7qhG'	1034	0600
[+] '/home/www/tmp/phpDlPfD3'	1293	0600
[+] '/home/www/tmp/phpFDe9UX'	1293	0600
[+] '/home/www/tmp/phpGO30sM'	1293	0600
[+] '/home/www/tmp/phpGTmQSO'	1293	0600
[+] '/home/www/tmp/phpGcUSi7'	1293	0600
[+] '/home/www/tmp/phpGzEWV7'	1293	0600
[+] '/home/www/tmp/phpH1QxfM'	1203	0600
[+] '/home/www/tmp/phpHmDKq6'	1293	0600
[+] '/home/www/tmp/phpIPflVf'	1293	0600
[+] '/home/www/tmp/phpIv7lLf'	1034	0600
[+] '/home/www/tmp/phpJUfKXC'	1034	0600
[+] '/home/www/tmp/phpKvJBAJ'	1293	0600
[+] '/home/www/tmp/phpMwzogP'	1293	0600
[+] '/home/www/tmp/phpNXwUrI'	1293	0600
[+] '/home/www/tmp/phpNmMbbS'	1034	0600
[+] '/home/www/tmp/phpOSVzG4'	1293	0600
[+] '/home/www/tmp/phpQXSffc'	1293	0600
[+] '/home/www/tmp/phpREnYWn'	1034	0600
[+] '/home/www/tmp/phpRtpFxV'	1293	0600
[+] '/home/www/tmp/phpT0HxxT'	1293	0600
[+] '/home/www/tmp/phpTz1XVO_resized'	1388	0644
[+] '/home/www/tmp/phpU8laN1'	1293	0600
[+] '/home/www/tmp/phpVevs8b'	1293	0600
[+] '/home/www/tmp/phpWqVkrQ'	1034	0600
[+] '/home/www/tmp/phpXmM1R0'	1034	0600
[+] '/home/www/tmp/phpYaGuUY'	1293	0600
[+] '/home/www/tmp/phpayIer1'	1293	0600
[+] '/home/www/tmp/phpbHhenj'	1293	0600
[+] '/home/www/tmp/phpc59Niw'	1293	0600
[+] '/home/www/tmp/phpcihSdU'	1293	0600
[+] '/home/www/tmp/phpd773F3'	1293	0600
[+] '/home/www/tmp/phpdVCbbQ'	1293	0600
[+] '/home/www/tmp/phpdWBeCp'	1293	0600
[+] '/home/www/tmp/phpeBRwSg'	1293	0600
[+] '/home/www/tmp/phpfW7frP'	1293	0600
[+] '/home/www/tmp/phpgOi6Uw'	1034	0600
[+] '/home/www/tmp/phphw6GDQ'	1034	0600
[+] '/home/www/tmp/phpioqjnx'	1293	0600
[+] '/home/www/tmp/phpjh1ZGh'	1271	0600
[+] '/home/www/tmp/phpk8Mr2O'	1034	0600
[+] '/home/www/tmp/phpl2xU33'	1293	0600
[+] '/home/www/tmp/phplcQNmB'	1293	0600
[+] '/home/www/tmp/phpllj23G'	1293	0600
[+] '/home/www/tmp/phpmkAw22'	1293	0600
[+] '/home/www/tmp/phpne0HZs'	1293	0600
[+] '/home/www/tmp/phpoKfBFP'	1293	0600
[+] '/home/www/tmp/phpoQbQG7'	1293	0600
[+] '/home/www/tmp/phpp7kko3'	1034	0600
[+] '/home/www/tmp/phpp8AQIZ'	1293	0600
[+] '/home/www/tmp/phpqCdLV3'	1293	0600
[+] '/home/www/tmp/phpqnMMSA'	1293	0600
[+] '/home/www/tmp/phprItvp2'	1293	0600
[+] '/home/www/tmp/phprWuwQe_resized'	1388	0644
[+] '/home/www/tmp/phpsSFqP1'	1293	0600
[+] '/home/www/tmp/phpsdlG60'	1293	0600
[+] '/home/www/tmp/phpsmAAok'	1293	0600
[+] '/home/www/tmp/phptTOEHU'	1293	0600
[+] '/home/www/tmp/phpu6T2fJ'	1034	0600
[+] '/home/www/tmp/phpuhQ78W'	1293	0600
[+] '/home/www/tmp/phputXCR2'	1293	0600
[+] '/home/www/tmp/phpuuk7PV'	1293	0600
[+] '/home/www/tmp/phpvr626Z'	1293	0600
[+] '/home/www/tmp/phpwf1Rr9'	1293	0600
[+] '/home/www/tmp/phpx0kk3K'	1293	0600
[+] '/home/www/tmp/phpzi3pkZ'	1293	0600
[+] '/home/www/tmp/revslider-0EcIPM.tmp'	1470	0644
[+] '/home/www/tmp/revslider-2SDWWE.tmp'	1470	0644
[+] '/home/www/tmp/revslider-2qJGzK.tmp'	1470	0644
[+] '/home/www/tmp/revslider-4luhwS.tmp'	1470	0644
[+] '/home/www/tmp/revslider-5RK48b.tmp'	1470	0644
[+] '/home/www/tmp/revslider-65Fms1.tmp'	1470	0644
[+] '/home/www/tmp/revslider-6aXM4U.tmp'	1470	0644
[+] '/home/www/tmp/revslider-8NjuAF.tmp'	1470	0644
[+] '/home/www/tmp/revslider-9Py5Uy.tmp'	1470	0644
[+] '/home/www/tmp/revslider-D1gOZj.tmp'	1470	0644
[+] '/home/www/tmp/revslider-FYPxpk.tmp'	1470	0644
[+] '/home/www/tmp/revslider-HnaYa3.tmp'	1470	0644
[+] '/home/www/tmp/revslider-IUD975.tmp'	1470	0644
[+] '/home/www/tmp/revslider-L4m5cs.tmp'	1470	0644
[+] '/home/www/tmp/revslider-LTV6uI.tmp'	1470	0644
[+] '/home/www/tmp/revslider-N4Copj.tmp'	1470	0644
[+] '/home/www/tmp/revslider-P4pc6U.tmp'	1470	0644
[+] '/home/www/tmp/revslider-PHjjPB.tmp'	1470	0644
[+] '/home/www/tmp/revslider-QjX335.tmp'	1470	0644
[+] '/home/www/tmp/revslider-UgN4mW.tmp'	1470	0644
[+] '/home/www/tmp/revslider-VzCvBo.tmp'	1470	0644
[+] '/home/www/tmp/revslider-Y0WxvA.tmp'	1470	0644
[+] '/home/www/tmp/revslider-ZfINHi.tmp'	1470	0644
[+] '/home/www/tmp/revslider-dCK4wv.tmp'	1470	0644
[+] '/home/www/tmp/revslider-deh3pQ.tmp'	1470	0644
[+] '/home/www/tmp/revslider-mF8Cj0.tmp'	1470	0644
[+] '/home/www/tmp/revslider-nWtRUP.tmp'	1470	0644
[+] '/home/www/tmp/revslider-oPpSFd.tmp'	1470	0644
[+] '/home/www/tmp/revslider-ozhjeO.tmp'	1470	0644
[+] '/home/www/tmp/revslider-qdzwGQ.tmp'	1470	0644
[+] '/home/www/tmp/revslider-xIEnPB.tmp'	1470	0644
[+] '/home/www/tmp/revslider-xksUQ8.tmp'	1470	0644
[+] '/home/www/tmp/revslider-yeD6Lo.tmp'	1470	0644
[+] '/home/www/tmp/revslider2-Ynhyex.tmp'	1470	0644
[+] '/home/www/tmp/revslider2-ZUY1vy.tmp'	1470	0644
[+] '/home/www/tmp/revslider2-tZxckc.tmp'	1470	0644
[+] '/home/www/tmp/slider-2KUfSo.tmp'	1008	0644
[+] '/home/www/tmp/slider-4yqXXN.tmp'	1474	0644
[+] '/home/www/tmp/slider-Fob1eg.tmp'	1157	0644
[+] '/home/www/tmp/slider-LH0sAw.tmp'	1008	0644
[+] '/home/www/tmp/slider-ccZHep.tmp'	1008	0644
[+] '/home/www/tmp/slider-fBmw5o.tmp'	1008	0644
[+] '/home/www/tmp/slider-iZhlCK.tmp'	1008	0644
[+] '/home/www/tmp/slider-lee9sg.tmp'	1157	0644
[+] '/home/www/tmp/slider-sK8N8b.tmp'	1008	0644
[+] '/home/www/tmp/tribe_tmp_file_logger_2018-09-05.log'	1147	0644
[+] '/home/www/tmp/update-cache-83bd3862'	1284	0777
[+] '/home/www/tmp/update-extraction-83bd3862'	1284	0777
[+] '/home/www/tmp/xim_id_20anJeD'	1448	0600
[+] '/home/www/tmp/xim_id_2872U3l'	1448	0600
[+] '/home/www/tmp/xim_id_2I9nOQF'	1448	0600
[+] '/home/www/tmp/xim_id_2UIKuO7'	1448	0600
[+] '/home/www/tmp/xim_id_2W5hMlV'	1448	0600
[+] '/home/www/tmp/xim_id_2evLaW3'	1448	0600
[+] '/home/www/tmp/xim_id_2gUNyOT'	1448	0600
[+] '/home/www/tmp/xim_id_2j23QDu'	1448	0600
[+] '/home/www/tmp/xim_id_2loPHS3'	1448	0600
[+] '/home/www/tmp/xim_id_2tE7Dxc'	1448	0600
[+] '/home/www/tmp/xim_id_2taKpPh'	1448	0600
[+] '/home/www/tmp/xim_id_2vtuiOv'	1448	0600
[+] '/home/www/tmp/xim_id_41AJVc2'	1337	0600
[+] '/home/www/tmp/xim_id_41HJ3EF'	1337	0600
[+] '/home/www/tmp/xim_id_45VwM3o'	1337	0600
[+] '/home/www/tmp/xim_id_45iSC1Z'	1337	0600
[+] '/home/www/tmp/xim_id_494sE7S'	1337	0600
[+] '/home/www/tmp/xim_id_4GpYsTf'	1337	0600
[+] '/home/www/tmp/xim_id_4Hj12EX'	1337	0600
[+] '/home/www/tmp/xim_id_4HuVURC'	1337	0600
[+] '/home/www/tmp/xim_id_4JhB5jb'	1337	0600
[+] '/home/www/tmp/xim_id_4MYEbl9'	1337	0600
[+] '/home/www/tmp/xim_id_4NqSJEt'	1337	0600
[+] '/home/www/tmp/xim_id_4POWVJQ'	1337	0600
[+] '/home/www/tmp/xim_id_4Tskmtk'	1337	0600
[+] '/home/www/tmp/xim_id_4UXu5fy'	1337	0600
[+] '/home/www/tmp/xim_id_4VCeynV'	1337	0600
[+] '/home/www/tmp/xim_id_4Y5vF0d'	1337	0600
[+] '/home/www/tmp/xim_id_4Y8kaG4'	1337	0600
[+] '/home/www/tmp/xim_id_4a3AKAO'	1337	0600
[+] '/home/www/tmp/xim_id_4i6Co7J'	1337	0600
[+] '/home/www/tmp/xim_id_4oKPM6L'	1337	0600
[+] '/home/www/tmp/xim_id_4oVW6tH'	1337	0600
[+] '/home/www/tmp/xim_id_4tw4LdB'	1337	0600
[+] '/home/www/tmp/xim_id_4zTrhL6'	1337	0600
[+] '/home/www/tmp/xim_id_61Hma0f'	1337	0600
[+] '/home/www/tmp/xim_id_63FJZZn'	1337	0600
[+] '/home/www/tmp/xim_id_68DRklX'	1337	0600
[+] '/home/www/tmp/xim_id_6A76oQn'	1337	0600
[+] '/home/www/tmp/xim_id_6FZUEHw'	1337	0600
[+] '/home/www/tmp/xim_id_6H0FlOX'	1337	0600
[+] '/home/www/tmp/xim_id_6IMDgjX'	1337	0600
[+] '/home/www/tmp/xim_id_6LRkkrG'	1337	0600
[+] '/home/www/tmp/xim_id_6T0Cslx'	1337	0600
[+] '/home/www/tmp/xim_id_6XxHMho'	1337	0600
[+] '/home/www/tmp/xim_id_6Z7D5nO'	1337	0600
[+] '/home/www/tmp/xim_id_6aaVC45'	1337	0600
[+] '/home/www/tmp/xim_id_6bb0AzP'	1337	0600
[+] '/home/www/tmp/xim_id_6gfJOg6'	1337	0600
[+] '/home/www/tmp/xim_id_6lrokLF'	1337	0600
[+] '/home/www/tmp/xim_id_6p9HMLO'	1337	0600
[+] '/home/www/tmp/xim_id_6qIKlgf'	1337	0600
[+] '/home/www/tmp/xim_id_6s2TJMw'	1337	0600
[+] '/home/www/tmp/xim_id_6tID7S6'	1337	0600
[+] '/home/www/tmp/xim_id_6uDzlWe'	1337	0600
[+] '/home/www/tmp/xim_id_6xb0bvF'	1337	0600
[+] '/home/www/tmp/xlsx5bd31c21915945.21250885'	1239	0755
[+] '/home/www/tmp/xlsx5bd31c65d424b5.86323756'	1239	0755
[+] '/home/www/tmp/xlsx5bd31ff61e4906.91180771'	1239	0755
[+] '/home/www/tmp/zend_cache---Zend_LocaleC_cs_CZ_currencynumber_'	1332	0600
[+] '/home/www/tmp/zend_cache---Zend_LocaleC_cs_CZ_currencysymbol_'	1332	0600
[+] '/home/www/tmp/zend_cache---Zend_LocaleC_cs_CZ_currencysymbol_CZK'	1332	0600
[+] '/home/www/tmp/zend_cache---Zend_LocaleC_cs_CZ_currencytoname_CZK'	1332	0600
[+] '/home/www/tmp/zend_cache---Zend_LocaleC_cs_CZ_currencytoregion_CZ'	1332	0600
[+] '/home/www/tmp/zend_cache---Zend_LocaleC_cs_CZ_date_'	1332	0600
[+] '/home/www/tmp/zend_cache---Zend_LocaleC_cs_CZ_nametocurrency_'	1332	0600
[+] '/home/www/tmp/zend_cache---Zend_LocaleC_cs_CZ_nametocurrency_CZK'	1332	0600
[+] '/home/www/tmp/zend_cache---Zend_LocaleC_en_GB_currencynumber_'	1332	0600
[+] '/home/www/tmp/zend_cache---Zend_LocaleC_en_GB_currencysymbol_'	1332	0600
[+] '/home/www/tmp/zend_cache---Zend_LocaleC_en_GB_currencysymbol_CZK'	1332	0600
[+] '/home/www/tmp/zend_cache---Zend_LocaleC_en_GB_currencysymbol_GBP'	1332	0600
[+] '/home/www/tmp/zend_cache---Zend_LocaleC_en_GB_currencytoname_CZK'	1332	0600
[+] '/home/www/tmp/zend_cache---Zend_LocaleC_en_GB_currencytoregion_GB'	1332	0600
[+] '/home/www/tmp/zend_cache---Zend_LocaleC_en_GB_date_'	1332	0600
[+] '/home/www/tmp/zend_cache---Zend_LocaleC_en_GB_month_gregorian_format_abbreviated_1'	1332	0600
[+] '/home/www/tmp/zend_cache---Zend_LocaleC_en_GB_month_gregorian_format_abbreviated_10'	1332	0600
[+] '/home/www/tmp/zend_cache---Zend_LocaleC_en_GB_month_gregorian_format_abbreviated_11'	1332	0600
[+] '/home/www/tmp/zend_cache---Zend_LocaleC_en_GB_month_gregorian_format_abbreviated_5'	1332	0600
[+] '/home/www/tmp/zend_cache---Zend_LocaleC_en_GB_nametocurrency_'	1332	0600
[+] '/home/www/tmp/zend_cache---Zend_LocaleC_en_GB_nametocurrency_CZK'	1332	0600
[+] '/home/www/tmp/zend_cache---Zend_LocaleC_en_GB_nametocurrency_GBP'	1332	0600
[+] '/home/www/tmp/zend_cache---Zend_LocaleC_en_GB_time_short'	1332	0600
[+] '/home/www/tmp/zend_cache---Zend_LocaleL_cs_CZ_day_gregorian_format_short'	1332	0600
[+] '/home/www/tmp/zend_cache---Zend_LocaleL_cs_CZ_day_gregorian_format_wide'	1332	0600
[+] '/home/www/tmp/zend_cache---Zend_LocaleL_cs_CZ_symbols_'	1332	0600
[+] '/home/www/tmp/zend_cache---Zend_LocaleL_en_GB_day_gregorian_format_wide'	1332	0600
[+] '/home/www/tmp/zend_cache---Zend_LocaleL_en_GB_symbols_'	1332	0600
[+] '/home/www/tmp/zend_cache---internal-metadatas---Zend_LocaleC_cs_CZ_currencynumber_'	1332	0600
[+] '/home/www/tmp/zend_cache---internal-metadatas---Zend_LocaleC_cs_CZ_currencysymbol_'	1332	0600
[+] '/home/www/tmp/zend_cache---internal-metadatas---Zend_LocaleC_cs_CZ_currencysymbol_CZK'	1332	0600
[+] '/home/www/tmp/zend_cache---internal-metadatas---Zend_LocaleC_cs_CZ_currencytoname_CZK'	1332	0600
[+] '/home/www/tmp/zend_cache---internal-metadatas---Zend_LocaleC_cs_CZ_currencytoregion_CZ'	1332	0600
[+] '/home/www/tmp/zend_cache---internal-metadatas---Zend_LocaleC_cs_CZ_date_'	1332	0600
[+] '/home/www/tmp/zend_cache---internal-metadatas---Zend_LocaleC_cs_CZ_nametocurrency_'	1332	0600
[+] '/home/www/tmp/zend_cache---internal-metadatas---Zend_LocaleC_cs_CZ_nametocurrency_CZK'	1332	0600
[+] '/home/www/tmp/zend_cache---internal-metadatas---Zend_LocaleC_en_GB_currencynumber_'	1332	0600
[+] '/home/www/tmp/zend_cache---internal-metadatas---Zend_LocaleC_en_GB_currencysymbol_'	1332	0600
[+] '/home/www/tmp/zend_cache---internal-metadatas---Zend_LocaleC_en_GB_currencysymbol_CZK'	1332	0600
[+] '/home/www/tmp/zend_cache---internal-metadatas---Zend_LocaleC_en_GB_currencysymbol_GBP'	1332	0600
[+] '/home/www/tmp/zend_cache---internal-metadatas---Zend_LocaleC_en_GB_currencytoname_CZK'	1332	0600
[+] '/home/www/tmp/zend_cache---internal-metadatas---Zend_LocaleC_en_GB_currencytoregion_GB'	1332	0600
[+] '/home/www/tmp/zend_cache---internal-metadatas---Zend_LocaleC_en_GB_date_'	1332	0600
[+] '/home/www/tmp/zend_cache---internal-metadatas---Zend_LocaleC_en_GB_month_gregorian_format_abbreviated_1'	1332	0600
[+] '/home/www/tmp/zend_cache---internal-metadatas---Zend_LocaleC_en_GB_month_gregorian_format_abbreviated_10'	1332	0600
[+] '/home/www/tmp/zend_cache---internal-metadatas---Zend_LocaleC_en_GB_month_gregorian_format_abbreviated_11'	1332	0600
[+] '/home/www/tmp/zend_cache---internal-metadatas---Zend_LocaleC_en_GB_month_gregorian_format_abbreviated_5'	1332	0600
[+] '/home/www/tmp/zend_cache---internal-metadatas---Zend_LocaleC_en_GB_nametocurrency_'	1332	0600
[+] '/home/www/tmp/zend_cache---internal-metadatas---Zend_LocaleC_en_GB_nametocurrency_CZK'	1332	0600
[+] '/home/www/tmp/zend_cache---internal-metadatas---Zend_LocaleC_en_GB_nametocurrency_GBP'	1332	0600
[+] '/home/www/tmp/zend_cache---internal-metadatas---Zend_LocaleC_en_GB_time_short'	1332	0600
[+] '/home/www/tmp/zend_cache---internal-metadatas---Zend_LocaleL_cs_CZ_day_gregorian_format_short'	1332	0600
[+] '/home/www/tmp/zend_cache---internal-metadatas---Zend_LocaleL_cs_CZ_day_gregorian_format_wide'	1332	0600
[+] '/home/www/tmp/zend_cache---internal-metadatas---Zend_LocaleL_cs_CZ_symbols_'	1332	0600
[+] '/home/www/tmp/zend_cache---internal-metadatas---Zend_LocaleL_en_GB_day_gregorian_format_wide'	1332	0600
[+] '/home/www/tmp/zend_cache---internal-metadatas---Zend_LocaleL_en_GB_symbols_'	1332	0600

[+] Starting server process owner detection:
[+] POSIX functions are not available -> falling back to a chmod test.

[+] Oh no. This looks bad :( File owner == Process owner
