[+] Running PHP 7.1.3 (cgi-fcgi) on ???

[+] Let's check some functions first:
[+] Is 'chmod' available? T
[+] Is 'chown' available? T
[+] Is 'chgrp' available? T
[+] Is 'eval' available? F
[+] Is 'assert' available? T
[+] Is 'exec' available? F
[+] Is 'putenv' available? F
[+] Is 'passthru' available? F
[+] Is 'system' available? F
[+] Is 'shell_exec' available? F
[+] Is 'popen' available? F
[+] Is 'proc_open' available? F
[+] Is 'pcntl_exec' available? T
[+] Is 'fstat' available? T

[+] Script permissions: 0664

[+] Open basedir: ''

[+] Starting server process owner detection:
[+] POSIX functions are not available -> falling back to a chmod test.

[+] Oh no. This looks bad :( File owner == Process owner

