[+] Running PHP 5.6.38-0+deb8u1 (apache2handler) on Array
(
    [sysname] => Linux
    [nodename] => vm21620
    [release] => 3.16.0-4-amd64
    [version] => #1 SMP Debian 3.16.39-1 (2016-12-30)
    [machine] => x86_64
    [domainname] => (none)
)


[+] Let's check some functions first:
[+] Is 'chmod' available? T
[+] Is 'chown' available? T
[+] Is 'eval' available? F
[+] Is 'assert' available? T
[+] Is 'exec' available? T
[+] Is 'putenv' available? T
[+] Is 'passthru' available? T
[+] Is 'system' available? T
[+] Is 'shell_exec' available? T
[+] Is 'popen' available? T
[+] Is 'proc_open' available? T
[+] Is 'pcntl_exec' available? F
[+] Is 'fstat' available? T

[+] Script permissions: 0

[+] Open basedir: ''

[+] Starting server process owner detection:
[+] Running as: Array
(
    [name] => www-data
    [passwd] => x
    [uid] => 33
    [gid] => 33
    [gecos] => www-data
    [dir] => /var/www
    [shell] => /usr/sbin/nologin
)

[+] Script owner: Array
(
    [name] => root
    [passwd] => x
    [uid] => 0
    [gid] => 0
    [gecos] => root
    [dir] => /root
    [shell] => /bin/bash
)



[+] Test passed.